#-----------------------------------------------------------
# Vivado v2024.2 (64-bit)
# SW Build 5239630 on Fri Nov 08 22:35:27 MST 2024
# IP Build 5239520 on Sun Nov 10 16:12:51 MST 2024
# SharedData Build 5239561 on Fri Nov 08 14:39:27 MST 2024
# Start of session at: Mon Jun 30 13:37:07 2025
# Process ID         : 23288
# Current directory  : C:/Design RTL/project_1and
# Command line       : vivado.exe -gui_launcher_event rodinguilauncherevent21292 C:\Design RTL\project_1and\project_1and.xpr
# Log file           : C:/Design RTL/project_1and/vivado.log
# Journal file       : C:/Design RTL/project_1and\vivado.jou
# Running On         : HPVictus
# Platform           : Windows Server 2016 or Windows 10
# Operating System   : 26100
# Processor Detail   : 12th Gen Intel(R) Core(TM) i5-12450H
# CPU Frequency      : 2496 MHz
# CPU Physical cores : 8
# CPU Logical cores  : 12
# Host memory        : 16802 MB
# Swap memory        : 1073 MB
# Total Virtual      : 17876 MB
# Available Virtual  : 4903 MB
#-----------------------------------------------------------
start_gui
open_project {C:/Design RTL/project_1and/project_1and.xpr}
INFO: [filemgmt 56-3] Default IP Output Path : Could not find the directory 'C:/Design RTL/project_1and/project_1and.gen/sources_1'.
WARNING: [filemgmt 56-3] IPUserFilesDir: Could not find the directory 'C:/Design RTL/project_1and/project_1and.ip_user_files'.
Scanning sources...
Finished scanning sources
INFO: [IP_Flow 19-234] Refreshing IP repositories
INFO: [IP_Flow 19-1704] No user IP repositories specified
INFO: [IP_Flow 19-2313] Loaded Vivado IP repository 'C:/Xilinx/Vivado/2024.2/data/ip'.
open_project: Time (s): cpu = 00:00:27 ; elapsed = 00:00:13 . Memory (MB): peak = 1117.340 ; gain = 35.184
update_compile_order -fileset sources_1
exit
INFO: [Common 17-206] Exiting Vivado at Mon Jun 30 13:49:35 2025...
